<?xml version="1.0" encoding="UTF-8"?>
<!-- Generated by org.testng.reporters.JUnitReportReporter -->
<testsuite hostname="WENDELLROBLES-HP-EB-840-G3" failures="0" tests="3" name="test.com.itexps.EmployeeTest" time="0.011" errors="0" timestamp="27 Aug 2024 17:01:08 GMT">
  <testcase classname="test.com.itexps.EmployeeTest" name="testId" time="0.004"/>
  <testcase classname="test.com.itexps.EmployeeTest" name="testIdName" time="0.004"/>
  <testcase classname="test.com.itexps.EmployeeTest" name="testName" time="0.003"/>
</testsuite> <!-- test.com.itexps.EmployeeTest -->
