<?xml version="1.0" encoding="UTF-8"?>
<!-- Generated by org.testng.reporters.JUnitReportReporter -->
<testsuite hostname="WENDELLROBLES-HP-EB-840-G3" failures="0" tests="1" name="test.com.itexps.BranchTest" time="0.020" errors="0" timestamp="27 Aug 2024 16:47:12 GMT">
  <testcase classname="test.com.itexps.BranchTest" name="testBranch" time="0.020"/>
</testsuite> <!-- test.com.itexps.BranchTest -->
