<?xml version="1.0" encoding="UTF-8"?>
<!-- Generated by org.testng.reporters.JUnitReportReporter -->
<testsuite hostname="WENDELLROBLES-HP-EB-840-G3" failures="0" tests="3" name="test.com.itexps.EmployeeTest" time="0.018" errors="0" timestamp="3 Aug 2024 09:27:03 GMT">
  <testcase classname="test.com.itexps.EmployeeTest" name="testId" time="0.013"/>
  <testcase classname="test.com.itexps.EmployeeTest" name="testName" time="0.002"/>
  <testcase classname="test.com.itexps.EmployeeTest" name="testIdName" time="0.003"/>
</testsuite> <!-- test.com.itexps.EmployeeTest -->
