<?xml version="1.0" encoding="UTF-8"?>
<!-- Generated by org.testng.reporters.JUnitReportReporter -->
<testsuite hostname="WENDELLROBLES-HP-EB-840-G3" failures="0" tests="1" name="test.com.itexps.BranchTest" time="0.042" errors="0" timestamp="27 Aug 2024 16:20:38 GMT">
  <testcase classname="test.com.itexps.BranchTest" name="testBranch" time="0.042"/>
</testsuite> <!-- test.com.itexps.BranchTest -->
